Defaulting to user installation because normal site-packages is not writeable
Requirement already satisfied: pip in /cluster/home/eirsteir/.local/lib/python3.11/site-packages (24.0)
Defaulting to user installation because normal site-packages is not writeable
Requirement already satisfied: virtualenv in /cluster/home/eirsteir/.local/lib/python3.11/site-packages (20.26.1)
Requirement already satisfied: distlib<1,>=0.3.7 in /cluster/home/eirsteir/.local/lib/python3.11/site-packages (from virtualenv) (0.3.8)
Requirement already satisfied: filelock<4,>=3.12.2 in /cluster/home/eirsteir/.local/lib/python3.11/site-packages (from virtualenv) (3.14.0)
Requirement already satisfied: platformdirs<5,>=3.9.1 in /cluster/home/eirsteir/.local/lib/python3.11/site-packages (from virtualenv) (4.2.1)
created virtual environment CPython3.11.5.final.0-64 in 6718ms
  creator CPython3Posix(dest=/cluster/home/eirsteir/CRSLab/env, clear=False, no_vcs_ignore=False, global=False)
  seeder FromAppData(download=False, pip=bundle, setuptools=bundle, wheel=bundle, via=copy, app_data_dir=/cluster/home/eirsteir/.local/share/virtualenv)
    added seed packages: pip==24.0, setuptools==69.5.1, wheel==0.43.0
  activators BashActivator,CShellActivator,FishActivator,NushellActivator,PowerShellActivator,PythonActivator
Collecting torch
  Downloading torch-2.3.0-cp311-cp311-manylinux1_x86_64.whl.metadata (26 kB)
Collecting torchvision
  Downloading torchvision-0.18.0-cp311-cp311-manylinux1_x86_64.whl.metadata (6.6 kB)
Collecting torchaudio
  Downloading torchaudio-2.3.0-cp311-cp311-manylinux1_x86_64.whl.metadata (6.4 kB)
Collecting torch_geometric
  Downloading torch_geometric-2.5.3-py3-none-any.whl.metadata (64 kB)
     ━━━━━━━━━━━━━━━━━━━━━━━━━━━━━━━━━━━━━━━━ 64.2/64.2 kB 2.1 MB/s eta 0:00:00
Collecting protobuf~=3.20
  Downloading protobuf-3.20.3-py2.py3-none-any.whl.metadata (720 bytes)
Collecting filelock (from torch)
  Using cached filelock-3.14.0-py3-none-any.whl.metadata (2.8 kB)
Collecting typing-extensions>=4.8.0 (from torch)
  Downloading typing_extensions-4.12.0-py3-none-any.whl.metadata (3.0 kB)
Collecting sympy (from torch)
  Using cached sympy-1.12-py3-none-any.whl.metadata (12 kB)
Collecting networkx (from torch)
  Using cached networkx-3.3-py3-none-any.whl.metadata (5.1 kB)
Collecting jinja2 (from torch)
  Using cached jinja2-3.1.4-py3-none-any.whl.metadata (2.6 kB)
Collecting fsspec (from torch)
  Using cached fsspec-2024.5.0-py3-none-any.whl.metadata (11 kB)
Collecting nvidia-cuda-nvrtc-cu12==12.1.105 (from torch)
  Using cached nvidia_cuda_nvrtc_cu12-12.1.105-py3-none-manylinux1_x86_64.whl.metadata (1.5 kB)
Collecting nvidia-cuda-runtime-cu12==12.1.105 (from torch)
  Using cached nvidia_cuda_runtime_cu12-12.1.105-py3-none-manylinux1_x86_64.whl.metadata (1.5 kB)
Collecting nvidia-cuda-cupti-cu12==12.1.105 (from torch)
  Using cached nvidia_cuda_cupti_cu12-12.1.105-py3-none-manylinux1_x86_64.whl.metadata (1.6 kB)
Collecting nvidia-cudnn-cu12==8.9.2.26 (from torch)
  Using cached nvidia_cudnn_cu12-8.9.2.26-py3-none-manylinux1_x86_64.whl.metadata (1.6 kB)
Collecting nvidia-cublas-cu12==12.1.3.1 (from torch)
  Using cached nvidia_cublas_cu12-12.1.3.1-py3-none-manylinux1_x86_64.whl.metadata (1.5 kB)
Collecting nvidia-cufft-cu12==11.0.2.54 (from torch)
  Using cached nvidia_cufft_cu12-11.0.2.54-py3-none-manylinux1_x86_64.whl.metadata (1.5 kB)
Collecting nvidia-curand-cu12==10.3.2.106 (from torch)
  Using cached nvidia_curand_cu12-10.3.2.106-py3-none-manylinux1_x86_64.whl.metadata (1.5 kB)
Collecting nvidia-cusolver-cu12==11.4.5.107 (from torch)
  Using cached nvidia_cusolver_cu12-11.4.5.107-py3-none-manylinux1_x86_64.whl.metadata (1.6 kB)
Collecting nvidia-cusparse-cu12==12.1.0.106 (from torch)
  Using cached nvidia_cusparse_cu12-12.1.0.106-py3-none-manylinux1_x86_64.whl.metadata (1.6 kB)
Collecting nvidia-nccl-cu12==2.20.5 (from torch)
  Using cached nvidia_nccl_cu12-2.20.5-py3-none-manylinux2014_x86_64.whl.metadata (1.8 kB)
Collecting nvidia-nvtx-cu12==12.1.105 (from torch)
  Using cached nvidia_nvtx_cu12-12.1.105-py3-none-manylinux1_x86_64.whl.metadata (1.7 kB)
Collecting triton==2.3.0 (from torch)
  Downloading triton-2.3.0-cp311-cp311-manylinux_2_17_x86_64.manylinux2014_x86_64.whl.metadata (1.4 kB)
Collecting nvidia-nvjitlink-cu12 (from nvidia-cusolver-cu12==11.4.5.107->torch)
  Downloading nvidia_nvjitlink_cu12-12.5.40-py3-none-manylinux2014_x86_64.whl.metadata (1.5 kB)
Collecting numpy (from torchvision)
  Using cached numpy-1.26.4-cp311-cp311-manylinux_2_17_x86_64.manylinux2014_x86_64.whl.metadata (61 kB)
Collecting pillow!=8.3.*,>=5.3.0 (from torchvision)
  Using cached pillow-10.3.0-cp311-cp311-manylinux_2_28_x86_64.whl.metadata (9.2 kB)
Collecting tqdm (from torch_geometric)
  Using cached tqdm-4.66.4-py3-none-any.whl.metadata (57 kB)
Collecting scipy (from torch_geometric)
  Downloading scipy-1.13.1-cp311-cp311-manylinux_2_17_x86_64.manylinux2014_x86_64.whl.metadata (60 kB)
     ━━━━━━━━━━━━━━━━━━━━━━━━━━━━━━━━━━━━━━━━ 60.6/60.6 kB 3.2 MB/s eta 0:00:00
Collecting aiohttp (from torch_geometric)
  Using cached aiohttp-3.9.5-cp311-cp311-manylinux_2_17_x86_64.manylinux2014_x86_64.whl.metadata (7.5 kB)
Collecting requests (from torch_geometric)
  Downloading requests-2.32.2-py3-none-any.whl.metadata (4.6 kB)
Collecting pyparsing (from torch_geometric)
  Using cached pyparsing-3.1.2-py3-none-any.whl.metadata (5.1 kB)
Collecting scikit-learn (from torch_geometric)
  Downloading scikit_learn-1.5.0-cp311-cp311-manylinux_2_17_x86_64.manylinux2014_x86_64.whl.metadata (11 kB)
Collecting psutil>=5.8.0 (from torch_geometric)
  Using cached psutil-5.9.8-cp36-abi3-manylinux_2_12_x86_64.manylinux2010_x86_64.manylinux_2_17_x86_64.manylinux2014_x86_64.whl.metadata (21 kB)
Collecting aiosignal>=1.1.2 (from aiohttp->torch_geometric)
  Using cached aiosignal-1.3.1-py3-none-any.whl.metadata (4.0 kB)
Collecting attrs>=17.3.0 (from aiohttp->torch_geometric)
  Using cached attrs-23.2.0-py3-none-any.whl.metadata (9.5 kB)
Collecting frozenlist>=1.1.1 (from aiohttp->torch_geometric)
  Using cached frozenlist-1.4.1-cp311-cp311-manylinux_2_5_x86_64.manylinux1_x86_64.manylinux_2_17_x86_64.manylinux2014_x86_64.whl.metadata (12 kB)
Collecting multidict<7.0,>=4.5 (from aiohttp->torch_geometric)
  Using cached multidict-6.0.5-cp311-cp311-manylinux_2_17_x86_64.manylinux2014_x86_64.whl.metadata (4.2 kB)
Collecting yarl<2.0,>=1.0 (from aiohttp->torch_geometric)
  Using cached yarl-1.9.4-cp311-cp311-manylinux_2_17_x86_64.manylinux2014_x86_64.whl.metadata (31 kB)
Collecting MarkupSafe>=2.0 (from jinja2->torch)
  Using cached MarkupSafe-2.1.5-cp311-cp311-manylinux_2_17_x86_64.manylinux2014_x86_64.whl.metadata (3.0 kB)
Collecting charset-normalizer<4,>=2 (from requests->torch_geometric)
  Using cached charset_normalizer-3.3.2-cp311-cp311-manylinux_2_17_x86_64.manylinux2014_x86_64.whl.metadata (33 kB)
Collecting idna<4,>=2.5 (from requests->torch_geometric)
  Using cached idna-3.7-py3-none-any.whl.metadata (9.9 kB)
Collecting urllib3<3,>=1.21.1 (from requests->torch_geometric)
  Using cached urllib3-2.2.1-py3-none-any.whl.metadata (6.4 kB)
Collecting certifi>=2017.4.17 (from requests->torch_geometric)
  Using cached certifi-2024.2.2-py3-none-any.whl.metadata (2.2 kB)
Collecting joblib>=1.2.0 (from scikit-learn->torch_geometric)
  Using cached joblib-1.4.2-py3-none-any.whl.metadata (5.4 kB)
Collecting threadpoolctl>=3.1.0 (from scikit-learn->torch_geometric)
  Using cached threadpoolctl-3.5.0-py3-none-any.whl.metadata (13 kB)
Collecting mpmath>=0.19 (from sympy->torch)
  Using cached mpmath-1.3.0-py3-none-any.whl.metadata (8.6 kB)
Downloading torch-2.3.0-cp311-cp311-manylinux1_x86_64.whl (779.2 MB)
   ━━━━━━━━━━━━━━━━━━━━━━━━━━━━━━━━━━━━━━━━ 779.2/779.2 MB 10.4 MB/s eta 0:00:00
Using cached nvidia_cublas_cu12-12.1.3.1-py3-none-manylinux1_x86_64.whl (410.6 MB)
Using cached nvidia_cuda_cupti_cu12-12.1.105-py3-none-manylinux1_x86_64.whl (14.1 MB)
Using cached nvidia_cuda_nvrtc_cu12-12.1.105-py3-none-manylinux1_x86_64.whl (23.7 MB)
Using cached nvidia_cuda_runtime_cu12-12.1.105-py3-none-manylinux1_x86_64.whl (823 kB)
Using cached nvidia_cudnn_cu12-8.9.2.26-py3-none-manylinux1_x86_64.whl (731.7 MB)
Using cached nvidia_cufft_cu12-11.0.2.54-py3-none-manylinux1_x86_64.whl (121.6 MB)
Using cached nvidia_curand_cu12-10.3.2.106-py3-none-manylinux1_x86_64.whl (56.5 MB)
Using cached nvidia_cusolver_cu12-11.4.5.107-py3-none-manylinux1_x86_64.whl (124.2 MB)
Using cached nvidia_cusparse_cu12-12.1.0.106-py3-none-manylinux1_x86_64.whl (196.0 MB)
Using cached nvidia_nccl_cu12-2.20.5-py3-none-manylinux2014_x86_64.whl (176.2 MB)
Using cached nvidia_nvtx_cu12-12.1.105-py3-none-manylinux1_x86_64.whl (99 kB)
Downloading triton-2.3.0-cp311-cp311-manylinux_2_17_x86_64.manylinux2014_x86_64.whl (168.1 MB)
   ━━━━━━━━━━━━━━━━━━━━━━━━━━━━━━━━━━━━━━━━ 168.1/168.1 MB 33.9 MB/s eta 0:00:00
Downloading torchvision-0.18.0-cp311-cp311-manylinux1_x86_64.whl (7.0 MB)
   ━━━━━━━━━━━━━━━━━━━━━━━━━━━━━━━━━━━━━━━━ 7.0/7.0 MB 81.5 MB/s eta 0:00:00
Downloading torchaudio-2.3.0-cp311-cp311-manylinux1_x86_64.whl (3.4 MB)
   ━━━━━━━━━━━━━━━━━━━━━━━━━━━━━━━━━━━━━━━━ 3.4/3.4 MB 67.6 MB/s eta 0:00:00
Downloading torch_geometric-2.5.3-py3-none-any.whl (1.1 MB)
   ━━━━━━━━━━━━━━━━━━━━━━━━━━━━━━━━━━━━━━━━ 1.1/1.1 MB 47.0 MB/s eta 0:00:00
Downloading protobuf-3.20.3-py2.py3-none-any.whl (162 kB)
   ━━━━━━━━━━━━━━━━━━━━━━━━━━━━━━━━━━━━━━━━ 162.1/162.1 kB 9.1 MB/s eta 0:00:00
Using cached pillow-10.3.0-cp311-cp311-manylinux_2_28_x86_64.whl (4.5 MB)
Using cached psutil-5.9.8-cp36-abi3-manylinux_2_12_x86_64.manylinux2010_x86_64.manylinux_2_17_x86_64.manylinux2014_x86_64.whl (288 kB)
Downloading typing_extensions-4.12.0-py3-none-any.whl (37 kB)
Using cached aiohttp-3.9.5-cp311-cp311-manylinux_2_17_x86_64.manylinux2014_x86_64.whl (1.3 MB)
Using cached filelock-3.14.0-py3-none-any.whl (12 kB)
Using cached fsspec-2024.5.0-py3-none-any.whl (316 kB)
Using cached jinja2-3.1.4-py3-none-any.whl (133 kB)
Using cached networkx-3.3-py3-none-any.whl (1.7 MB)
Using cached numpy-1.26.4-cp311-cp311-manylinux_2_17_x86_64.manylinux2014_x86_64.whl (18.3 MB)
Using cached pyparsing-3.1.2-py3-none-any.whl (103 kB)
Downloading requests-2.32.2-py3-none-any.whl (63 kB)
   ━━━━━━━━━━━━━━━━━━━━━━━━━━━━━━━━━━━━━━━━ 63.9/63.9 kB 2.6 MB/s eta 0:00:00
Downloading scikit_learn-1.5.0-cp311-cp311-manylinux_2_17_x86_64.manylinux2014_x86_64.whl (13.3 MB)
   ━━━━━━━━━━━━━━━━━━━━━━━━━━━━━━━━━━━━━━━━ 13.3/13.3 MB 85.3 MB/s eta 0:00:00
Downloading scipy-1.13.1-cp311-cp311-manylinux_2_17_x86_64.manylinux2014_x86_64.whl (38.6 MB)
   ━━━━━━━━━━━━━━━━━━━━━━━━━━━━━━━━━━━━━━━━ 38.6/38.6 MB 66.3 MB/s eta 0:00:00
Using cached sympy-1.12-py3-none-any.whl (5.7 MB)
Using cached tqdm-4.66.4-py3-none-any.whl (78 kB)
Using cached aiosignal-1.3.1-py3-none-any.whl (7.6 kB)
Using cached attrs-23.2.0-py3-none-any.whl (60 kB)
Using cached certifi-2024.2.2-py3-none-any.whl (163 kB)
Using cached charset_normalizer-3.3.2-cp311-cp311-manylinux_2_17_x86_64.manylinux2014_x86_64.whl (140 kB)
Using cached frozenlist-1.4.1-cp311-cp311-manylinux_2_5_x86_64.manylinux1_x86_64.manylinux_2_17_x86_64.manylinux2014_x86_64.whl (272 kB)
Using cached idna-3.7-py3-none-any.whl (66 kB)
Using cached joblib-1.4.2-py3-none-any.whl (301 kB)
Using cached MarkupSafe-2.1.5-cp311-cp311-manylinux_2_17_x86_64.manylinux2014_x86_64.whl (28 kB)
Using cached mpmath-1.3.0-py3-none-any.whl (536 kB)
Using cached multidict-6.0.5-cp311-cp311-manylinux_2_17_x86_64.manylinux2014_x86_64.whl (128 kB)
Using cached threadpoolctl-3.5.0-py3-none-any.whl (18 kB)
Using cached urllib3-2.2.1-py3-none-any.whl (121 kB)
Using cached yarl-1.9.4-cp311-cp311-manylinux_2_17_x86_64.manylinux2014_x86_64.whl (328 kB)
Downloading nvidia_nvjitlink_cu12-12.5.40-py3-none-manylinux2014_x86_64.whl (21.3 MB)
   ━━━━━━━━━━━━━━━━━━━━━━━━━━━━━━━━━━━━━━━━ 21.3/21.3 MB 70.2 MB/s eta 0:00:00
Installing collected packages: mpmath, urllib3, typing-extensions, tqdm, threadpoolctl, sympy, pyparsing, psutil, protobuf, pillow, nvidia-nvtx-cu12, nvidia-nvjitlink-cu12, nvidia-nccl-cu12, nvidia-curand-cu12, nvidia-cufft-cu12, nvidia-cuda-runtime-cu12, nvidia-cuda-nvrtc-cu12, nvidia-cuda-cupti-cu12, nvidia-cublas-cu12, numpy, networkx, multidict, MarkupSafe, joblib, idna, fsspec, frozenlist, filelock, charset-normalizer, certifi, attrs, yarl, triton, scipy, requests, nvidia-cusparse-cu12, nvidia-cudnn-cu12, jinja2, aiosignal, scikit-learn, nvidia-cusolver-cu12, aiohttp, torch_geometric, torch, torchvision, torchaudio
Successfully installed MarkupSafe-2.1.5 aiohttp-3.9.5 aiosignal-1.3.1 attrs-23.2.0 certifi-2024.2.2 charset-normalizer-3.3.2 filelock-3.14.0 frozenlist-1.4.1 fsspec-2024.5.0 idna-3.7 jinja2-3.1.4 joblib-1.4.2 mpmath-1.3.0 multidict-6.0.5 networkx-3.3 numpy-1.26.4 nvidia-cublas-cu12-12.1.3.1 nvidia-cuda-cupti-cu12-12.1.105 nvidia-cuda-nvrtc-cu12-12.1.105 nvidia-cuda-runtime-cu12-12.1.105 nvidia-cudnn-cu12-8.9.2.26 nvidia-cufft-cu12-11.0.2.54 nvidia-curand-cu12-10.3.2.106 nvidia-cusolver-cu12-11.4.5.107 nvidia-cusparse-cu12-12.1.0.106 nvidia-nccl-cu12-2.20.5 nvidia-nvjitlink-cu12-12.5.40 nvidia-nvtx-cu12-12.1.105 pillow-10.3.0 protobuf-3.20.3 psutil-5.9.8 pyparsing-3.1.2 requests-2.32.2 scikit-learn-1.5.0 scipy-1.13.1 sympy-1.12 threadpoolctl-3.5.0 torch-2.3.0 torch_geometric-2.5.3 torchaudio-2.3.0 torchvision-0.18.0 tqdm-4.66.4 triton-2.3.0 typing-extensions-4.12.0 urllib3-2.2.1 yarl-1.9.4
Obtaining file:///cluster/home/eirsteir/CRSLab
  Preparing metadata (setup.py): started
  Preparing metadata (setup.py): finished with status 'done'
Collecting numpy~=1.19.4 (from crslab==0.1.1)
  Downloading numpy-1.19.5.zip (7.3 MB)
     ━━━━━━━━━━━━━━━━━━━━━━━━━━━━━━━━━━━━━━━━ 7.3/7.3 MB 22.2 MB/s eta 0:00:00
  Installing build dependencies: started
  Installing build dependencies: finished with status 'done'
  Getting requirements to build wheel: started
  Getting requirements to build wheel: finished with status 'done'
  Preparing metadata (pyproject.toml): started
  Preparing metadata (pyproject.toml): finished with status 'done'
Collecting sentencepiece==0.1.99 (from crslab==0.1.1)
  Downloading sentencepiece-0.1.99-cp311-cp311-manylinux_2_17_x86_64.manylinux2014_x86_64.whl.metadata (7.7 kB)
Collecting transformers~=4.1.1 (from crslab==0.1.1)
  Downloading transformers-4.1.1-py3-none-any.whl.metadata (34 kB)
Collecting fasttext~=0.9.2 (from crslab==0.1.1)
  Downloading fasttext-0.9.2.tar.gz (68 kB)
     ━━━━━━━━━━━━━━━━━━━━━━━━━━━━━━━━━━━━━━━━ 68.8/68.8 kB 5.5 MB/s eta 0:00:00
  Preparing metadata (setup.py): started
  Preparing metadata (setup.py): finished with status 'done'
Collecting pkuseg~=0.0.25 (from crslab==0.1.1)
  Downloading pkuseg-0.0.25.tar.gz (48.8 MB)
     ━━━━━━━━━━━━━━━━━━━━━━━━━━━━━━━━━━━━━━━━ 48.8/48.8 MB 7.0 MB/s eta 0:00:00
  Preparing metadata (setup.py): started
  Preparing metadata (setup.py): finished with status 'done'
Collecting pyyaml~=5.4 (from crslab==0.1.1)
  Downloading PyYAML-5.4.1.tar.gz (175 kB)
     ━━━━━━━━━━━━━━━━━━━━━━━━━━━━━━━━━━━━━━ 175.1/175.1 kB 10.9 MB/s eta 0:00:00
  Installing build dependencies: started
  Installing build dependencies: finished with status 'done'
  Getting requirements to build wheel: started
  Getting requirements to build wheel: finished with status 'error'
Running Evaluation
No devices were found
